C51 COMPILER V9.54   MAIN                                                                  09/06/2024 10:02:55 PAGE 1   


C51 COMPILER V9.54, COMPILATION OF MODULE MAIN
OBJECT MODULE PLACED IN .\Objects\main.obj
COMPILER INVOKED BY: D:\Keli5C51\C51\BIN\C51.EXE main.c OPTIMIZE(8,SPEED) BROWSE DEBUG OBJECTEXTEND PRINT(.\Listings\mai
                    -n.lst) TABS(2) OBJECT(.\Objects\main.obj)

line level    source

   1          #include <REGX52.H>
   2          #include "../util.h"
   3          #include"../LCD1602.h"
   4          
   5          
   6          void main()
   7          {
   8   1          LCD_Init();
   9   1          LCD_ShowChar(1,1,'0');
  10   1          while (1)
  11   1          {    
  12   2      
  13   2          }
  14   1          
  15   1      }


MODULE INFORMATION:   STATIC OVERLAYABLE
   CODE SIZE        =    238    ----
   CONSTANT SIZE    =   ----    ----
   XDATA SIZE       =   ----    ----
   PDATA SIZE       =   ----    ----
   DATA SIZE        =   ----    ----
   IDATA SIZE       =   ----    ----
   BIT SIZE         =   ----    ----
END OF MODULE INFORMATION.


C51 COMPILATION COMPLETE.  0 WARNING(S),  0 ERROR(S)
