C51 COMPILER V9.54   16M16LEDRENDER                                                        09/13/2024 16:04:34 PAGE 1   


C51 COMPILER V9.54, COMPILATION OF MODULE 16M16LEDRENDER
OBJECT MODULE PLACED IN .\Objects\16M16LEDRender.obj
COMPILER INVOKED BY: D:\Keli5C51\C51\BIN\C51.EXE ..\16M16LEDRender.c OPTIMIZE(8,SPEED) BROWSE DEBUG OBJECTEXTEND PRINT(.
                    -\Listings\16M16LEDRender.lst) TABS(2) OBJECT(.\Objects\16M16LEDRender.obj)

line level    source

   1          #include<REGX52.h>
   2          #include"../74HC595.h"
   3          #include"../util.h"
   4          #define LED8 P0
   5          #define LED16 P1
   6          static unsigned short LEDBuffer[16] = 
   7          {0xDDDD,
   8           0x0000,
   9           0x0D00,
  10           0x0000,
  11           0x0000,
  12           0x0000,
  13           0x0000,
  14           0x0000,
  15           0x0000,
  16           0x0000,
  17           0x0000,
  18           0x0000,
  19           0x0000,
  20           0x0000,
  21           0x0000,
  22           0x0000};
  23          void LEDInit(){
  24   1        setSCAndSend(0xFFFF,16); //设置全阳
  25   1      }
  26          
  27          void LEDOnRender(){
  28   1        int i ;
  29   1        addOneBitAndSend(0); 
  30   1        for(i = 0;i<16;i++){
  31   2          LED8 = (unsigned char)LEDBuffer[i] & 0xff;
  32   2          LED16 = (unsigned char)(LEDBuffer[i] >> 8) & 0xff;
  33   2          Delay100us();
  34   2          Delay100us();
  35   2          LED8 = 0x00;
  36   2          LED16 = 0x00;
  37   2          addOneBitAndSend(1); 
  38   2        
  39   2        }
  40   1      }
  41          
  42          void setBuffer(unsigned short *buffer ){
  43   1          int i;
  44   1          for(i = 0;i<16;i++){
  45   2              LEDBuffer[i] = buffer[i];
  46   2          }
  47   1      }
  48          


MODULE INFORMATION:   STATIC OVERLAYABLE
   CODE SIZE        =    343    ----
   CONSTANT SIZE    =   ----    ----
   XDATA SIZE       =   ----    ----
C51 COMPILER V9.54   16M16LEDRENDER                                                        09/13/2024 16:04:34 PAGE 2   

   PDATA SIZE       =   ----    ----
   DATA SIZE        =     32       4
   IDATA SIZE       =   ----    ----
   BIT SIZE         =   ----    ----
END OF MODULE INFORMATION.


C51 COMPILATION COMPLETE.  0 WARNING(S),  0 ERROR(S)
