C51 COMPILER V9.54   MATRIXKB                                                              09/13/2024 11:05:50 PAGE 1   


C51 COMPILER V9.54, COMPILATION OF MODULE MATRIXKB
OBJECT MODULE PLACED IN .\Objects\MatrixKB.obj
COMPILER INVOKED BY: D:\Keli5C51\C51\BIN\C51.EXE ..\MatrixKB.c OPTIMIZE(8,SPEED) BROWSE DEBUG OBJECTEXTEND PRINT(.\Listi
                    -ngs\MatrixKB.lst) TABS(2) OBJECT(.\Objects\MatrixKB.obj)

line level    source

   1          #include "MatrixKB.h"
   2          #include <REGX52.H>
   3          
   4          // 矩阵键盘串口设置
   5          #define MatrixKB P2
*** WARNING C317 IN LINE 5 OF ..\MatrixKB.c: attempt to redefine macro 'MatrixKB'
   6          // 获取矩阵键盘按键编号
   7          // 返回值：按键编号
   8          // 0：无按键按下
   9          unsigned char getMatrixKBNum()
  10          {
  11   1          unsigned char i, j;
  12   1          unsigned char keyNum = 0;
  13   1          unsigned char mask;
  14   1          unsigned char temp;
  15   1          for (i = 0; i < 4; i++)
  16   1          {
  17   2              switch (i)
  18   2              {
  19   3              case 0:
  20   3                  MatrixKB = 0xFE;
  21   3                  break;
  22   3              case 1:
  23   3                  MatrixKB = 0xFD;
  24   3                  break;
  25   3              case 2:
  26   3                  MatrixKB = 0xFB;
  27   3                  break;
  28   3              case 3:
  29   3                  MatrixKB = 0xF7;
  30   3                  break;
  31   3              default:
  32   3                  break;
  33   3              }
  34   2              keyNum = 4 * i + 1;
  35   2              for (j = 0; j < 4; j++)
  36   2              {
  37   3                  switch (j)
  38   3                  {
  39   4                  case 0:
  40   4                      mask = 0x10;
  41   4                      break;
  42   4                  case 1:
  43   4                      mask = 0x20;
  44   4                      break;
  45   4                  case 2:
  46   4                      mask = 0x40;
  47   4                      break;
  48   4                  case 3:
  49   4                      mask = 0x80;
  50   4                      break;
  51   4                  }
  52   3                  temp = MatrixKB & mask;
  53   3                  if (!temp)
C51 COMPILER V9.54   MATRIXKB                                                              09/13/2024 11:05:50 PAGE 2   

  54   3                  {
  55   4                      ReduceButtonStrike();
*** WARNING C206 IN LINE 55 OF ..\MatrixKB.c: 'ReduceButtonStrike': missing function-prototype
  56   4                      keyNum += j;
  57   4                      temp = MatrixKB & mask;
  58   4                      while (!temp)
  59   4                      {
  60   5                          ReduceButtonStrike();
  61   5                          temp = MatrixKB & mask;
  62   5                      }
  63   4                      return keyNum;
  64   4                  }
  65   3              }
  66   2          }
  67   1          return 0;
  68   1      }


MODULE INFORMATION:   STATIC OVERLAYABLE
   CODE SIZE        =    141    ----
   CONSTANT SIZE    =   ----    ----
   XDATA SIZE       =   ----    ----
   PDATA SIZE       =   ----    ----
   DATA SIZE        =   ----       4
   IDATA SIZE       =   ----    ----
   BIT SIZE         =   ----    ----
END OF MODULE INFORMATION.


C51 COMPILATION COMPLETE.  2 WARNING(S),  0 ERROR(S)
