C51 COMPILER V9.54   MAIN                                                                  09/03/2024 14:58:34 PAGE 1   


C51 COMPILER V9.54, COMPILATION OF MODULE MAIN
OBJECT MODULE PLACED IN .\Objects\main.obj
COMPILER INVOKED BY: D:\Keli5C51\C51\BIN\C51.EXE main.c OPTIMIZE(8,SPEED) BROWSE DEBUG OBJECTEXTEND PRINT(.\Listings\mai
                    -n.lst) TABS(2) OBJECT(.\Objects\main.obj)

line level    source

   1          #include <REGX52.H>
   2          void Delay500us()   //@12.000MHz
   3          {
   4   1        unsigned char i, j;
   5   1      
   6   1        i = 6;
   7   1        j = 211;
   8   1        do
   9   1        {
  10   2          while (--j);
  11   2        } while (--i);
  12   1      }
  13          
  14          void main()
  15          {
  16   1      
  17   1        while(1){
  18   2          P2=0xFE;
  19   2          Delay500us();
  20   2          P2=0xFF;
  21   2        }
  22   1      }


MODULE INFORMATION:   STATIC OVERLAYABLE
   CODE SIZE        =     20    ----
   CONSTANT SIZE    =   ----    ----
   XDATA SIZE       =   ----    ----
   PDATA SIZE       =   ----    ----
   DATA SIZE        =   ----    ----
   IDATA SIZE       =   ----    ----
   BIT SIZE         =   ----    ----
END OF MODULE INFORMATION.


C51 COMPILATION COMPLETE.  0 WARNING(S),  0 ERROR(S)
