C51 COMPILER V9.54   MAIN                                                                  09/09/2024 22:10:25 PAGE 1   


C51 COMPILER V9.54, COMPILATION OF MODULE MAIN
OBJECT MODULE PLACED IN .\Objects\main.obj
COMPILER INVOKED BY: D:\Keli5C51\C51\BIN\C51.EXE main.c OPTIMIZE(8,SPEED) BROWSE DEBUG OBJECTEXTEND PRINT(.\Listings\mai
                    -n.lst) TABS(2) OBJECT(.\Objects\main.obj)

line level    source

   1          #include <REGX52.H>
   2          #include <string.h>
   3          #include "../LCD1602.h"
   4          #include "../Timer.h"
   5          static unsigned char T0ms = 1;
   6          static unsigned char T0s = 1;
   7          static unsigned char TimeDisplay[3] = {0, 0, 0};
   8          static int T0counter=0;
   9          void main(){
  10   1        Timer0Init(getMsTick(T0ms));
  11   1        LCD_Init(); 
  12   1        while(1){
  13   2          
  14   2          
  15   2        }
  16   1      }
  17          void Timer0_Routine() interrupt 1{
  18   1      
  19   1          TH0 = getMsTick(T0ms)/256;
  20   1          TL0 = getMsTick(T0ms)%256;
  21   1          T0counter++;
  22   1          if(!(T0counter>=1000*T0s))return;
  23   1          T0counter=0;
  24   1        TimeDisplay[2]++;
  25   1        if(TimeDisplay[2]>=60){
  26   2          TimeDisplay[2]=0;
  27   2          TimeDisplay[1]++;
  28   2          if(TimeDisplay[1]>=60){
  29   3            TimeDisplay[1]=0;
  30   3            TimeDisplay[0]++;
  31   3            if(TimeDisplay[0]>=24){
  32   4              TimeDisplay[0]=0;
  33   4            }
  34   3          }
  35   2        }
  36   1        LCD_ShowNum(1,1,TimeDisplay[0],2);
  37   1        LCD_ShowChar(3,1,':');
  38   1        LCD_ShowNum(4,1,TimeDisplay[1],2);
  39   1        LCD_ShowChar(6,1,':');
  40   1        LCD_ShowNum(7,1,TimeDisplay[2],2);
  41   1      }


MODULE INFORMATION:   STATIC OVERLAYABLE
   CODE SIZE        =    221    ----
   CONSTANT SIZE    =   ----    ----
   XDATA SIZE       =   ----    ----
   PDATA SIZE       =   ----    ----
   DATA SIZE        =      7    ----
   IDATA SIZE       =   ----    ----
   BIT SIZE         =   ----    ----
END OF MODULE INFORMATION.


C51 COMPILATION COMPLETE.  0 WARNING(S),  0 ERROR(S)
