C51 COMPILER V9.54   74HC595                                                               09/13/2024 15:54:55 PAGE 1   


C51 COMPILER V9.54, COMPILATION OF MODULE 74HC595
OBJECT MODULE PLACED IN .\Objects\74HC595.obj
COMPILER INVOKED BY: D:\Keli5C51\C51\BIN\C51.EXE ..\74HC595.c OPTIMIZE(8,SPEED) BROWSE DEBUG OBJECTEXTEND PRINT(.\Listin
                    -gs\74HC595.lst) TABS(2) OBJECT(.\Objects\74HC595.obj)

line level    source

   1          #include "74HC595.h"
   2          #include <REGX52.h>
   3          
   4          sbit RC = P3^5;  //移位寄存to显示寄存
   5          sbit SC = P3^6; //储存to移位寄存
   6          sbit SE = P3^7;  //储存值
   7          
   8          void setSCAndSend(unsigned short num , unsigned char length){
   9   1        int i ;
  10   1        unsigned short aim = num;
  11   1        for(i=0;i<length;i++){
  12   2          SE = aim %2;
  13   2          aim = aim >> 1;
  14   2          SendSE();
  15   2        }
  16   1        SendSC();
  17   1      }
  18          
  19          void SendSC(){
  20   1          RC = 0;
  21   1          RC = 1;
  22   1      }
  23          void SendSE(){
  24   1          SC = 0;
  25   1          SC = 1;
  26   1      }
  27          
  28          void addOneBitAndSend(unsigned char num){
  29   1          SE = num%2;
  30   1          SendSE();
  31   1          SendSC();
  32   1      }


MODULE INFORMATION:   STATIC OVERLAYABLE
   CODE SIZE        =     76    ----
   CONSTANT SIZE    =   ----    ----
   XDATA SIZE       =   ----    ----
   PDATA SIZE       =   ----    ----
   DATA SIZE        =   ----       5
   IDATA SIZE       =   ----    ----
   BIT SIZE         =   ----    ----
END OF MODULE INFORMATION.


C51 COMPILATION COMPLETE.  0 WARNING(S),  0 ERROR(S)
