C51 COMPILER V9.54   MAIN                                                                  09/05/2024 12:21:06 PAGE 1   


C51 COMPILER V9.54, COMPILATION OF MODULE MAIN
OBJECT MODULE PLACED IN .\Objects\main.obj
COMPILER INVOKED BY: D:\Keli5C51\C51\BIN\C51.EXE main.c OPTIMIZE(8,SPEED) BROWSE DEBUG OBJECTEXTEND PRINT(.\Listings\mai
                    -n.lst) TABS(2) OBJECT(.\Objects\main.obj)

line level    source

   1          #include <REGX52.H>
   2          #include"../util.h"
   3          
   4          void Delay500us()
   5          {
   6   1        unsigned char i, j;
   7   1      
   8   1        i = 6;
   9   1        j = 211;
  10   1        do
  11   1        {
  12   2          while (--j);
  13   2        } while (--i);
  14   1      }
  15          void Delay100ms(){
  16   1        unsigned char i, j, k;
  17   1      
  18   1        i = 5;
  19   1        j = 144;
  20   1        k = 71;
  21   1        do
  22   1        {
  23   2          do
  24   2          {
  25   3            while (--k);
  26   3          } while (--j);
  27   2        } while (--i);
  28   1      }
  29          
  30          
  31          void main()
  32          {
  33   1        unsigned char sw = 0x01;
  34   1        P2 = 0x00;
  35   1        Delay100ms();
  36   1        P2 = 0xFE;
  37   1      
  38   1        Delay100ms();
  39   1        while (1)
  40   1        {
  41   2      
  42   2          P2=P2<<1;
  43   2          P2+=sw;
  44   2          if(P2==0xFF)P2=0xFE;
  45   2          else if(P2==0x00)P2=0x01;
  46   2          if(P0_0==0)
  47   2          {
  48   3            ReduceButtonStrike();
  49   3            if(sw)sw=0x00;
  50   3            else sw=0x01;
  51   3            P2=~P2;
  52   3          }
  53   2          Delay100ms();
  54   2        }
C51 COMPILER V9.54   MAIN                                                                  09/05/2024 12:21:06 PAGE 2   

  55   1        
  56   1      }


MODULE INFORMATION:   STATIC OVERLAYABLE
   CODE SIZE        =    130    ----
   CONSTANT SIZE    =   ----    ----
   XDATA SIZE       =   ----    ----
   PDATA SIZE       =   ----    ----
   DATA SIZE        =   ----    ----
   IDATA SIZE       =   ----    ----
   BIT SIZE         =   ----    ----
END OF MODULE INFORMATION.


C51 COMPILATION COMPLETE.  0 WARNING(S),  0 ERROR(S)
